<?xml version="1.0" encoding="UTF-8"?>
<!-- Generated by org.testng.reporters.JUnitXMLReporter -->
<testsuite ignored="0" hostname="LAPTOP-I0Q90R20" failures="0" tests="4" name="AutomationTestNg" time="15.316" errors="0" timestamp="2022-06-23T10:34:50 EDT">
  <testcase classname="Testlayer.Logintest" name="@BeforeMethod initsetup" time="10.574">
    <failure type="org.openqa.selenium.SessionNotCreatedException" message="session not created: This version of ChromeDriver only supports Chrome version 96
Current browser version is 102.0.5005.115 with binary path C:\Program Files\Google\Chrome\Application\chrome.exe
Build info: version: &amp;apos;3.141.59&amp;apos;, revision: &amp;apos;e82be7d358&amp;apos;, time: &amp;apos;2018-11-14T08:17:03&amp;apos;
System info: host: &amp;apos;LAPTOP-I0Q90R20&amp;apos;, ip: &amp;apos;192.168.114.1&amp;apos;, os.name: &amp;apos;Windows 10&amp;apos;, os.arch: &amp;apos;amd64&amp;apos;, os.version: &amp;apos;10.0&amp;apos;, java.version: &amp;apos;15.0.2&amp;apos;
Driver info: driver.version: ChromeDriver
remote stacktrace: Backtrace:
	Ordinal0 [0x005C6903+2517251]
	Ordinal0 [0x0055F8E1+2095329]
	Ordinal0 [0x00462848+1058888]
	Ordinal0 [0x00480B9D+1182621]
	Ordinal0 [0x0047CA60+1165920]
	Ordinal0 [0x0047A2CF+1155791]
	Ordinal0 [0x004AAAAF+1354415]
	Ordinal0 [0x004AA71A+1353498]
	Ordinal0 [0x004A639B+1336219]
	Ordinal0 [0x004827A7+1189799]
	Ordinal0 [0x00483609+1193481]
	GetHandleVerifier [0x00755904+1577972]
	GetHandleVerifier [0x00800B97+2279047]
	GetHandleVerifier [0x00656D09+534521]
	GetHandleVerifier [0x00655DB9+530601]
	Ordinal0 [0x00564FF9+2117625]
	Ordinal0 [0x005698A8+2136232]
	Ordinal0 [0x005699E2+2136546]
	Ordinal0 [0x00573541+2176321]
	BaseThreadInitThunk [0x768CFA29+25]
	RtlGetAppContainerNamedObjectPath [0x77E87A9E+286]
	RtlGetAppContainerNamedObjectPath [0x77E87A6E+238]
">
      <![CDATA[org.openqa.selenium.SessionNotCreatedException: session not created: This version of ChromeDriver only supports Chrome version 96
Current browser version is 102.0.5005.115 with binary path C:\Program Files\Google\Chrome\Application\chrome.exe
Build info: version: '3.141.59', revision: 'e82be7d358', time: '2018-11-14T08:17:03'
System info: host: 'LAPTOP-I0Q90R20', ip: '192.168.114.1', os.name: 'Windows 10', os.arch: 'amd64', os.version: '10.0', java.version: '15.0.2'
Driver info: driver.version: ChromeDriver
remote stacktrace: Backtrace:
Ordinal0 [0x005C6903+2517251]
Ordinal0 [0x0055F8E1+2095329]
Ordinal0 [0x00462848+1058888]
Ordinal0 [0x00480B9D+1182621]
Ordinal0 [0x0047CA60+1165920]
Ordinal0 [0x0047A2CF+1155791]
Ordinal0 [0x004AAAAF+1354415]
Ordinal0 [0x004AA71A+1353498]
Ordinal0 [0x004A639B+1336219]
Ordinal0 [0x004827A7+1189799]
Ordinal0 [0x00483609+1193481]
GetHandleVerifier [0x00755904+1577972]
GetHandleVerifier [0x00800B97+2279047]
GetHandleVerifier [0x00656D09+534521]
GetHandleVerifier [0x00655DB9+530601]
Ordinal0 [0x00564FF9+2117625]
Ordinal0 [0x005698A8+2136232]
Ordinal0 [0x005699E2+2136546]
Ordinal0 [0x00573541+2176321]
BaseThreadInitThunk [0x768CFA29+25]
RtlGetAppContainerNamedObjectPath [0x77E87A9E+286]
RtlGetAppContainerNamedObjectPath [0x77E87A6E+238]

at org.openqa.selenium.remote.W3CHandshakeResponse.lambda$errorHandler$0(W3CHandshakeResponse.java:62)
at org.openqa.selenium.remote.HandshakeResponse.lambda$getResponseFunction$0(HandshakeResponse.java:30)
at org.openqa.selenium.remote.ProtocolHandshake.lambda$createSession$0(ProtocolHandshake.java:126)
at java.base/java.util.stream.ReferencePipeline$3$1.accept(ReferencePipeline.java:195)
at java.base/java.util.Spliterators$ArraySpliterator.tryAdvance(Spliterators.java:958)
at java.base/java.util.stream.ReferencePipeline.forEachWithCancel(ReferencePipeline.java:127)
at java.base/java.util.stream.AbstractPipeline.copyIntoWithCancel(AbstractPipeline.java:502)
at java.base/java.util.stream.AbstractPipeline.copyInto(AbstractPipeline.java:488)
at java.base/java.util.stream.AbstractPipeline.wrapAndCopyInto(AbstractPipeline.java:474)
at java.base/java.util.stream.FindOps$FindOp.evaluateSequential(FindOps.java:150)
at java.base/java.util.stream.AbstractPipeline.evaluate(AbstractPipeline.java:234)
at java.base/java.util.stream.ReferencePipeline.findFirst(ReferencePipeline.java:543)
at org.openqa.selenium.remote.ProtocolHandshake.createSession(ProtocolHandshake.java:128)
at org.openqa.selenium.remote.ProtocolHandshake.createSession(ProtocolHandshake.java:74)
at org.openqa.selenium.remote.HttpCommandExecutor.execute(HttpCommandExecutor.java:136)
at org.openqa.selenium.remote.service.DriverCommandExecutor.execute(DriverCommandExecutor.java:83)
at org.openqa.selenium.remote.RemoteWebDriver.execute(RemoteWebDriver.java:552)
at org.openqa.selenium.remote.RemoteWebDriver.startSession(RemoteWebDriver.java:213)
at org.openqa.selenium.remote.RemoteWebDriver.<init>(RemoteWebDriver.java:131)
at org.openqa.selenium.chrome.ChromeDriver.<init>(ChromeDriver.java:181)
at org.openqa.selenium.chrome.ChromeDriver.<init>(ChromeDriver.java:168)
at org.openqa.selenium.chrome.ChromeDriver.<init>(ChromeDriver.java:123)
at Base.BaseClass.initiation(BaseClass.java:47)
at Testlayer.Logintest.initsetup(Logintest.java:20)
at java.base/java.util.ArrayList.forEach(ArrayList.java:1511)
at java.base/java.util.concurrent.FutureTask.run(FutureTask.java:264)
at java.base/java.util.concurrent.ThreadPoolExecutor.runWorker(ThreadPoolExecutor.java:1130)
at java.base/java.util.concurrent.ThreadPoolExecutor$Worker.run(ThreadPoolExecutor.java:630)
at java.base/java.lang.Thread.run(Thread.java:832)
... Removed 27 stack frames]]>
    </failure>
  </testcase> <!-- @BeforeMethod initsetup -->
  <testcase classname="Testlayer.Logintest" name="@AfterMethod close" time="-1.655994885959E9">
    <skipped/>
  </testcase> <!-- @AfterMethod close -->
  <testcase classname="Testlayer.Logintest" name="@BeforeMethod initsetup" time="-1.655994890545E9">
    <skipped/>
  </testcase> <!-- @BeforeMethod initsetup -->
  <testcase classname="Testlayer.Logintest" name="@AfterMethod close" time="-1.655994890571E9">
    <skipped/>
  </testcase> <!-- @AfterMethod close -->
  <testcase classname="Testlayer.Logintest" name="@BeforeMethod initsetup" time="-1.655994890574E9">
    <skipped/>
  </testcase> <!-- @BeforeMethod initsetup -->
  <testcase classname="Testlayer.Logintest" name="@AfterMethod close" time="-1.65599489059E9">
    <skipped/>
  </testcase> <!-- @AfterMethod close -->
  <testcase classname="Testlayer.Logintest" name="@BeforeMethod initsetup" time="-1.655994890595E9">
    <skipped/>
  </testcase> <!-- @BeforeMethod initsetup -->
  <testcase classname="Testlayer.Logintest" name="@AfterMethod close" time="-1.655994890606E9">
    <skipped/>
  </testcase> <!-- @AfterMethod close -->
  <testcase classname="Testlayer.Logintest" name="Title" time="0.0">
    <skipped/>
  </testcase> <!-- Title -->
  <testcase classname="Testlayer.Logintest" name="Login" time="0.0">
    <skipped/>
  </testcase> <!-- Login -->
  <testcase classname="Testlayer.Logintest" name="Login" time="0.0">
    <skipped/>
  </testcase> <!-- Login -->
  <testcase classname="Testlayer.Logintest" name="Login" time="0.0">
    <skipped/>
  </testcase> <!-- Login -->
</testsuite> <!-- AutomationTestNg -->
